Arguments: 
  /usr/local/bin/node /usr/local/Cellar/yarn/1.21.1/libexec/bin/yarn.js init

PATH: 
  /Users/13851731474/flutter/flutter/bin:/Users/13851731474/mongo/mongodb-osx-x86_64-3.2.22/bin:/usr/local/bin:/usr/bin:/bin:/usr/sbin:/sbin:/maven/apache-maven-3.6.3/bin:/usr/local/sbin:/Users/13851731474/flutter/flutter/bin:/Users/13851731474/mongo/mongodb-osx-x86_64-3.2.22/bin

Yarn version: 
  1.21.1

Node version: 
  12.18.3

Platform: 
  darwin x64

Trace: 
  Error: canceled
      at Interface.<anonymous> (/usr/local/Cellar/yarn/1.21.1/libexec/lib/cli.js:136925:13)
      at Interface.emit (events.js:315:20)
      at Interface._ttyWrite (readline.js:868:16)
      at ReadStream.onkeypress (readline.js:205:10)
      at ReadStream.emit (events.js:315:20)
      at emitKeys (internal/readline/utils.js:335:14)
      at emitKeys.next (<anonymous>)
      at ReadStream.onData (readline.js:1137:36)
      at ReadStream.emit (events.js:315:20)
      at addChunk (_stream_readable.js:295:12)

npm manifest: 
  No manifest

yarn manifest: 
  No manifest

Lockfile: 
  No lockfile
